{"/Users/ravsohal/architecture-portfolio/src/components/Footer.tsx": {"path":"/Users/ravsohal/architecture-portfolio/src/components/Footer.tsx","statementMap":{"0":{"start":{"line":1,"column":15},"end":{"line":12,"column":null}},"1":{"start":{"line":2,"column":2},"end":{"line":10,"column":null}}},"fnMap":{"0":{"name":"(anonymous_0)","decl":{"start":{"line":1,"column":15},"end":{"line":1,"column":21}},"loc":{"start":{"line":1,"column":21},"end":{"line":12,"column":null}},"line":1}},"branchMap":{},"s":{"0":1,"1":4},"f":{"0":4},"b":{},"meta":{"lastBranch":0,"lastFunction":1,"lastStatement":2,"seen":{"s:1:15:12:Infinity":0,"f:1:15:1:21":0,"s:2:2:10:Infinity":1}}}
,"/Users/ravsohal/architecture-portfolio/src/components/Hero.tsx": {"path":"/Users/ravsohal/architecture-portfolio/src/components/Hero.tsx","statementMap":{"0":{"start":{"line":4,"column":13},"end":{"line":23,"column":null}},"1":{"start":{"line":5,"column":33},"end":{"line":8,"column":null}},"2":{"start":{"line":10,"column":2},"end":{"line":10,"column":null}},"3":{"start":{"line":10,"column":17},"end":{"line":10,"column":null}},"4":{"start":{"line":11,"column":2},"end":{"line":11,"column":null}},"5":{"start":{"line":11,"column":13},"end":{"line":11,"column":null}},"6":{"start":{"line":13,"column":16},"end":{"line":13,"column":null}},"7":{"start":{"line":15,"column":2},"end":{"line":21,"column":null}}},"fnMap":{"0":{"name":"(anonymous_0)","decl":{"start":{"line":4,"column":13},"end":{"line":4,"column":19}},"loc":{"start":{"line":4,"column":19},"end":{"line":23,"column":null}},"line":4}},"branchMap":{"0":{"loc":{"start":{"line":10,"column":2},"end":{"line":10,"column":null}},"type":"if","locations":[{"start":{"line":10,"column":2},"end":{"line":10,"column":null}},{"start":{},"end":{}}],"line":10},"1":{"loc":{"start":{"line":11,"column":2},"end":{"line":11,"column":null}},"type":"if","locations":[{"start":{"line":11,"column":2},"end":{"line":11,"column":null}},{"start":{},"end":{}}],"line":11}},"s":{"0":1,"1":7,"2":7,"3":4,"4":3,"5":3,"6":2,"7":2},"f":{"0":7},"b":{"0":[4,3],"1":[1,2]},"meta":{"lastBranch":2,"lastFunction":1,"lastStatement":8,"seen":{"s:4:13:23:Infinity":0,"f:4:13:4:19":0,"s:5:33:8:Infinity":1,"b:10:2:10:Infinity:undefined:undefined:undefined:undefined":0,"s:10:2:10:Infinity":2,"s:10:17:10:Infinity":3,"b:11:2:11:Infinity:undefined:undefined:undefined:undefined":1,"s:11:2:11:Infinity":4,"s:11:13:11:Infinity":5,"s:13:16:13:Infinity":6,"s:15:2:21:Infinity":7}}}
,"/Users/ravsohal/architecture-portfolio/src/components/HomeCard.tsx": {"path":"/Users/ravsohal/architecture-portfolio/src/components/HomeCard.tsx","statementMap":{"0":{"start":{"line":3,"column":17},"end":{"line":21,"column":null}},"1":{"start":{"line":4,"column":2},"end":{"line":19,"column":null}}},"fnMap":{"0":{"name":"(anonymous_0)","decl":{"start":{"line":3,"column":17},"end":{"line":3,"column":18}},"loc":{"start":{"line":3,"column":56},"end":{"line":21,"column":null}},"line":3}},"branchMap":{},"s":{"0":1,"1":6},"f":{"0":6},"b":{},"meta":{"lastBranch":0,"lastFunction":1,"lastStatement":2,"seen":{"s:3:17:21:Infinity":0,"f:3:17:3:18":0,"s:4:2:19:Infinity":1}}}
,"/Users/ravsohal/architecture-portfolio/src/components/Navbar.tsx": {"path":"/Users/ravsohal/architecture-portfolio/src/components/Navbar.tsx","statementMap":{"0":{"start":{"line":3,"column":15},"end":{"line":21,"column":null}},"1":{"start":{"line":4,"column":2},"end":{"line":19,"column":null}}},"fnMap":{"0":{"name":"(anonymous_0)","decl":{"start":{"line":3,"column":15},"end":{"line":3,"column":21}},"loc":{"start":{"line":3,"column":21},"end":{"line":21,"column":null}},"line":3}},"branchMap":{},"s":{"0":1,"1":5},"f":{"0":5},"b":{},"meta":{"lastBranch":0,"lastFunction":1,"lastStatement":2,"seen":{"s:3:15:21:Infinity":0,"f:3:15:3:21":0,"s:4:2:19:Infinity":1}}}
,"/Users/ravsohal/architecture-portfolio/src/components/PageHero.tsx": {"path":"/Users/ravsohal/architecture-portfolio/src/components/PageHero.tsx","statementMap":{"0":{"start":{"line":1,"column":17},"end":{"line":10,"column":null}},"1":{"start":{"line":2,"column":2},"end":{"line":8,"column":null}}},"fnMap":{"0":{"name":"(anonymous_0)","decl":{"start":{"line":1,"column":17},"end":{"line":1,"column":18}},"loc":{"start":{"line":1,"column":46},"end":{"line":10,"column":null}},"line":1}},"branchMap":{},"s":{"0":1,"1":5},"f":{"0":5},"b":{},"meta":{"lastBranch":0,"lastFunction":1,"lastStatement":2,"seen":{"s:1:17:10:Infinity":0,"f:1:17:1:18":0,"s:2:2:8:Infinity":1}}}
,"/Users/ravsohal/architecture-portfolio/src/components/RichText.tsx": {"path":"/Users/ravsohal/architecture-portfolio/src/components/RichText.tsx","statementMap":{"0":{"start":{"line":9,"column":17},"end":{"line":48,"column":null}},"1":{"start":{"line":10,"column":2},"end":{"line":10,"column":null}},"2":{"start":{"line":10,"column":16},"end":{"line":10,"column":null}},"3":{"start":{"line":12,"column":2},"end":{"line":46,"column":null}},"4":{"start":{"line":17,"column":12},"end":{"line":17,"column":null}},"5":{"start":{"line":17,"column":27},"end":{"line":17,"column":null}},"6":{"start":{"line":20,"column":36},"end":{"line":31,"column":null}},"7":{"start":{"line":21,"column":14},"end":{"line":30,"column":null}},"8":{"start":{"line":22,"column":16},"end":{"line":28,"column":null}},"9":{"start":{"line":23,"column":32},"end":{"line":23,"column":null}},"10":{"start":{"line":24,"column":18},"end":{"line":24,"column":null}},"11":{"start":{"line":24,"column":42},"end":{"line":24,"column":null}},"12":{"start":{"line":25,"column":18},"end":{"line":27,"column":null}},"13":{"start":{"line":26,"column":20},"end":{"line":26,"column":null}},"14":{"start":{"line":29,"column":16},"end":{"line":29,"column":null}},"15":{"start":{"line":33,"column":12},"end":{"line":33,"column":null}},"16":{"start":{"line":37,"column":10},"end":{"line":43,"column":null}},"17":{"start":{"line":38,"column":12},"end":{"line":38,"column":null}},"18":{"start":{"line":39,"column":12},"end":{"line":41,"column":null}},"19":{"start":{"line":40,"column":14},"end":{"line":40,"column":null}},"20":{"start":{"line":42,"column":12},"end":{"line":42,"column":null}}},"fnMap":{"0":{"name":"(anonymous_0)","decl":{"start":{"line":9,"column":17},"end":{"line":9,"column":18}},"loc":{"start":{"line":9,"column":103},"end":{"line":48,"column":null}},"line":9},"1":{"name":"(anonymous_1)","decl":{"start":{"line":16,"column":30},"end":{"line":16,"column":31}},"loc":{"start":{"line":16,"column":51},"end":{"line":34,"column":null}},"line":16},"2":{"name":"(anonymous_2)","decl":{"start":{"line":20,"column":36},"end":{"line":20,"column":37}},"loc":{"start":{"line":20,"column":61},"end":{"line":31,"column":null}},"line":20},"3":{"name":"(anonymous_3)","decl":{"start":{"line":21,"column":35},"end":{"line":21,"column":36}},"loc":{"start":{"line":21,"column":52},"end":{"line":30,"column":15}},"line":21},"4":{"name":"(anonymous_4)","decl":{"start":{"line":25,"column":39},"end":{"line":25,"column":40}},"loc":{"start":{"line":26,"column":20},"end":{"line":26,"column":null}},"line":26},"5":{"name":"(anonymous_5)","decl":{"start":{"line":36,"column":20},"end":{"line":36,"column":21}},"loc":{"start":{"line":36,"column":38},"end":{"line":44,"column":null}},"line":36},"6":{"name":"(anonymous_6)","decl":{"start":{"line":37,"column":41},"end":{"line":37,"column":42}},"loc":{"start":{"line":37,"column":77},"end":{"line":43,"column":13}},"line":37}},"branchMap":{"0":{"loc":{"start":{"line":9,"column":29},"end":{"line":9,"column":82}},"type":"default-arg","locations":[{"start":{"line":9,"column":41},"end":{"line":9,"column":82}}],"line":9},"1":{"loc":{"start":{"line":10,"column":2},"end":{"line":10,"column":null}},"type":"if","locations":[{"start":{"line":10,"column":2},"end":{"line":10,"column":null}},{"start":{},"end":{}}],"line":10},"2":{"loc":{"start":{"line":17,"column":12},"end":{"line":17,"column":null}},"type":"if","locations":[{"start":{"line":17,"column":12},"end":{"line":17,"column":null}},{"start":{},"end":{}}],"line":17},"3":{"loc":{"start":{"line":22,"column":16},"end":{"line":28,"column":null}},"type":"if","locations":[{"start":{"line":22,"column":16},"end":{"line":28,"column":null}},{"start":{},"end":{}}],"line":22},"4":{"loc":{"start":{"line":24,"column":18},"end":{"line":24,"column":null}},"type":"if","locations":[{"start":{"line":24,"column":18},"end":{"line":24,"column":null}},{"start":{},"end":{}}],"line":24},"5":{"loc":{"start":{"line":26,"column":20},"end":{"line":26,"column":null}},"type":"cond-expr","locations":[{"start":{"line":26,"column":43},"end":{"line":26,"column":85}},{"start":{"line":26,"column":85},"end":{"line":26,"column":null}}],"line":26},"6":{"loc":{"start":{"line":33,"column":39},"end":{"line":33,"column":86}},"type":"cond-expr","locations":[{"start":{"line":33,"column":65},"end":{"line":33,"column":76}},{"start":{"line":33,"column":76},"end":{"line":33,"column":86}}],"line":33},"7":{"loc":{"start":{"line":39,"column":12},"end":{"line":41,"column":null}},"type":"if","locations":[{"start":{"line":39,"column":12},"end":{"line":41,"column":null}},{"start":{},"end":{}}],"line":39}},"s":{"0":1,"1":17,"2":2,"3":15,"4":15,"5":0,"6":15,"7":15,"8":16,"9":0,"10":0,"11":0,"12":0,"13":0,"14":16,"15":15,"16":16,"17":22,"18":22,"19":6,"20":22},"f":{"0":17,"1":15,"2":15,"3":16,"4":0,"5":16,"6":22},"b":{"0":[17],"1":[2,15],"2":[0,15],"3":[0,16],"4":[0,0],"5":[0,0],"6":[15,0],"7":[6,16]},"meta":{"lastBranch":8,"lastFunction":7,"lastStatement":21,"seen":{"s:9:17:48:Infinity":0,"f:9:17:9:18":0,"b:9:41:9:82":0,"b:10:2:10:Infinity:undefined:undefined:undefined:undefined":1,"s:10:2:10:Infinity":1,"s:10:16:10:Infinity":2,"s:12:2:46:Infinity":3,"f:16:30:16:31":1,"b:17:12:17:Infinity:undefined:undefined:undefined:undefined":2,"s:17:12:17:Infinity":4,"s:17:27:17:Infinity":5,"s:20:36:31:Infinity":6,"f:20:36:20:37":2,"s:21:14:30:Infinity":7,"f:21:35:21:36":3,"b:22:16:28:Infinity:undefined:undefined:undefined:undefined":3,"s:22:16:28:Infinity":8,"s:23:32:23:Infinity":9,"b:24:18:24:Infinity:undefined:undefined:undefined:undefined":4,"s:24:18:24:Infinity":10,"s:24:42:24:Infinity":11,"s:25:18:27:Infinity":12,"f:25:39:25:40":4,"s:26:20:26:Infinity":13,"b:26:43:26:85:26:85:26:Infinity":5,"s:29:16:29:Infinity":14,"s:33:12:33:Infinity":15,"b:33:65:33:76:33:76:33:86":6,"f:36:20:36:21":5,"s:37:10:43:Infinity":16,"f:37:41:37:42":6,"s:38:12:38:Infinity":17,"b:39:12:41:Infinity:undefined:undefined:undefined:undefined":7,"s:39:12:41:Infinity":18,"s:40:14:40:Infinity":19,"s:42:12:42:Infinity":20}}}
}
